<?xml version="1.0" encoding="UTF-8"?>
<!-- Generated by org.testng.reporters.JUnitReportReporter -->
<testsuite hostname="CSPLAP0713" failures="0" tests="2" name="com.appname.tests.VerifyAmazonTest" time="14.120" errors="0" timestamp="13 Aug 2021 08:14:43 GMT" skipped="0">
  <testcase classname="com.appname.tests.VerifyAmazonTest" name="verifyHomePageTitleTest" time="0.167"/>
  <testcase classname="com.appname.tests.VerifyAmazonTest" name="verifyPasswordErrorTest" time="13.953"/>
</testsuite> <!-- com.appname.tests.VerifyAmazonTest -->
